<?xml version="1.0" ?>
<!DOCTYPE coverage SYSTEM 'http://cobertura.sourceforge.net/xml/coverage-03.dtd'>
<coverage line-rate="0.000" version="1.9" timestamp="1527035505">
	<sources>
		<source>/home/james/dod/env/src/lib.rs/</source>
	</sources>
	<packages>
		<package name="diamond_drops_env_1d282c4e9006e757" line-rate="0.000" branch-rate="1.0" complexity="1.0">
			<classes>
				<class name="lib_rs" filename="/home/james/dod/env/src/lib.rs" line-rate="1.000">
					<lines>
						<line number="1" hits="2"/>
					</lines>
				</class>
			</classes>
		</package>
	</packages>
</coverage>
